

Microchip Technology PIC LITE Macro Assembler V1.38 build -256452561 
                                                                                               Fri Sep 16 12:44:03 2016

Microchip Technology Omniscient Code Generator v1.38 (Free mode) build 201607010351
     1                           	processor	16F873A
     2                           	opt	pw 120
     3                           	opt	lm
     4                           	psect	strings,global,class=STRING,delta=2
     5                           	psect	cinit,global,class=CODE,merge=1,delta=2
     6                           	psect	cstackCOMMON,global,class=COMMON,space=1,delta=1
     7                           	psect	cstackBANK0,global,class=BANK0,space=1,delta=1
     8                           	psect	maintext,global,class=CODE,split=1,delta=2
     9                           	psect	swtext1,local,class=CONST,delta=2
    10                           	psect	text1,local,class=CODE,merge=1,delta=2
    11                           	psect	text2,local,class=CODE,merge=1,delta=2
    12                           	dabs	1,0x7E,2
    13  0000                     	;# 
    14  0001                     	;# 
    15  0002                     	;# 
    16  0003                     	;# 
    17  0004                     	;# 
    18  0005                     	;# 
    19  0006                     	;# 
    20  0007                     	;# 
    21  000A                     	;# 
    22  000B                     	;# 
    23  000C                     	;# 
    24  000D                     	;# 
    25  000E                     	;# 
    26  000E                     	;# 
    27  000F                     	;# 
    28  0010                     	;# 
    29  0011                     	;# 
    30  0012                     	;# 
    31  0013                     	;# 
    32  0014                     	;# 
    33  0015                     	;# 
    34  0015                     	;# 
    35  0016                     	;# 
    36  0017                     	;# 
    37  0018                     	;# 
    38  0019                     	;# 
    39  001A                     	;# 
    40  001B                     	;# 
    41  001B                     	;# 
    42  001C                     	;# 
    43  001D                     	;# 
    44  001E                     	;# 
    45  001F                     	;# 
    46  0081                     	;# 
    47  0085                     	;# 
    48  0086                     	;# 
    49  0087                     	;# 
    50  008C                     	;# 
    51  008D                     	;# 
    52  008E                     	;# 
    53  0091                     	;# 
    54  0092                     	;# 
    55  0093                     	;# 
    56  0094                     	;# 
    57  0098                     	;# 
    58  0099                     	;# 
    59  009C                     	;# 
    60  009D                     	;# 
    61  009E                     	;# 
    62  009F                     	;# 
    63  010C                     	;# 
    64  010D                     	;# 
    65  010E                     	;# 
    66  010F                     	;# 
    67  018C                     	;# 
    68  018D                     	;# 
    69                           
    70                           	psect	strings
    71  0014                     __pstrings:	
    72  0014                     stringtab:	
    73  0014                     __stringtab:	
    74  0014                     stringcode:	
    75                           ;	String table - string pointers are 1 byte each
    76                           
    77  0014                     stringdir:	
    78  0014  3000               	movlw	high stringdir
    79  0015  008A               	movwf	10
    80  0016  0804               	movf	4,w
    81  0017  0A84               	incf	4,f
    82  0018  0782               	addwf	2,f
    83  0019                     __stringbase:	
    84  0019  3400               	retlw	0
    85  001A                     __end_of__stringtab:	
    86  001A                     main@NO:	
    87  001A  3400               	retlw	0
    88  001B  3400               	retlw	0
    89  001C                     __end_ofmain@NO:	
    90  001C                     main@SI:	
    91  001C  3401               	retlw	1
    92  001D  3400               	retlw	0
    93  001E                     __end_ofmain@SI:	
    94  0005                     _PORTA	set	5
    95  0006                     _PORTB	set	6
    96  0006                     _PORTBbits	set	6
    97  0007                     _PORTC	set	7
    98  005F                     _GIE	set	95
    99  005E                     _PEIE	set	94
   100  0030                     _RB0	set	48
   101  0031                     _RB1	set	49
   102  0032                     _RB2	set	50
   103  0034                     _RB4	set	52
   104  0038                     _RC0	set	56
   105  0039                     _RC1	set	57
   106  003A                     _RC2	set	58
   107  003B                     _RC3	set	59
   108  0428                     _TRISA0	set	1064
   109  0429                     _TRISA1	set	1065
   110  042A                     _TRISA2	set	1066
   111  042B                     _TRISA3	set	1067
   112  042D                     _TRISA5	set	1069
   113  0430                     _TRISB0	set	1072
   114  0431                     _TRISB1	set	1073
   115  0432                     _TRISB2	set	1074
   116  0434                     _TRISB4	set	1076
   117  0435                     _TRISB5	set	1077
   118  0438                     _TRISC0	set	1080
   119  0439                     _TRISC1	set	1081
   120  043A                     _TRISC2	set	1082
   121  043B                     _TRISC3	set	1083
   122                           
   123                           ; #config settings
   124  0000                     
   125                           	psect	cinit
   126  07FD                     start_initialization:	
   127  07FD                     __initialization:	
   128  07FD                     end_of_initialization:	
   129                           ;End of C runtime variable initialization code
   130                           
   131  07FD                     __end_of__initialization:	
   132  07FD  0183               	clrf	3
   133  07FE  118A  2E15         	ljmp	_main	;jump to C main() function
   134                           
   135                           	psect	cstackCOMMON
   136  0000                     __pcstackCOMMON:	
   137  0000                     ??_prueba:	
   138  0000                     ??_Apagar:	
   139                           ; 1 bytes @ 0x0
   140                           
   141                           
   142                           	psect	cstackBANK0
   143  0020                     __pcstackBANK0:	
   144                           ; 1 bytes @ 0x0
   145                           
   146  0020                     ?_prueba:	
   147  0020                     ?_Apagar:	
   148                           ; 1 bytes @ 0x0
   149                           
   150  0020                     ?_main:	
   151                           ; 1 bytes @ 0x0
   152                           
   153  0020                     ??_main:	
   154                           ; 1 bytes @ 0x0
   155                           
   156                           
   157                           ; 1 bytes @ 0x0
   158  0020                     	ds	5
   159  0025                     main@inicio:	
   160                           
   161                           ; 2 bytes @ 0x5
   162  0025                     	ds	2
   163  0027                     main@contador:	
   164                           
   165                           ; 2 bytes @ 0x7
   166  0027                     	ds	2
   167  0029                     main@UNAVEZ:	
   168                           
   169                           ; 2 bytes @ 0x9
   170  0029                     	ds	2
   171                           
   172                           	psect	maintext
   173  0615                     __pmaintext:	
   174 ;;
   175 ;;Main: autosize = 0, tempsize = 5, incstack = 0, save=0
   176 ;;
   177 ;; *************** function _main *****************
   178 ;; Defined at:
   179 ;;		line 75 in file "Main.c"
   180 ;; Parameters:    Size  Location     Type
   181 ;;		None
   182 ;; Auto vars:     Size  Location     Type
   183 ;;  UNAVEZ          2    9[BANK0 ] int 
   184 ;;  contador        2    7[BANK0 ] int 
   185 ;;  inicio          2    5[BANK0 ] int 
   186 ;; Return value:  Size  Location     Type
   187 ;;                  1    wreg      void 
   188 ;; Registers used:
   189 ;;		wreg, fsr0l, fsr0h, status,2, status,0, btemp+1, pclath, cstack
   190 ;; Tracked objects:
   191 ;;		On entry : B00/0
   192 ;;		On exit  : 0/0
   193 ;;		Unchanged: 0/0
   194 ;; Data sizes:     COMMON   BANK0   BANK1
   195 ;;      Params:         0       0       0
   196 ;;      Locals:         0       6       0
   197 ;;      Temps:          0       5       0
   198 ;;      Totals:         0      11       0
   199 ;;Total ram usage:       11 bytes
   200 ;; Hardware stack levels required when called:    1
   201 ;; This function calls:
   202 ;;		_Apagar
   203 ;;		_prueba
   204 ;; This function is called by:
   205 ;;		Startup code after reset
   206 ;; This function uses a non-reentrant model
   207 ;;
   208                           
   209                           
   210                           ;psect for function _main
   211  0615                     _main:	
   212                           
   213                           ;Main.c: 80: PEIE = 0;
   214                           
   215                           ;incstack = 0
   216                           ; Regs used in _main: [wreg-fsr0h+status,2+status,0+btemp+1+pclath+cstack]
   217  0615  130B               	bcf	11,6	;volatile
   218                           
   219                           ;Main.c: 81: GIE = 0;
   220  0616  138B               	bcf	11,7	;volatile
   221                           
   222                           ;Main.c: 85: int const SI = 1;
   223                           ;Main.c: 86: int const NO = 0;
   224                           ;Main.c: 90: int contador = 4;
   225  0617  3004               	movlw	4
   226  0618  1283               	bcf	3,5	;RP0=0, select bank0
   227  0619  1303               	bcf	3,6	;RP1=0, select bank0
   228  061A  00A7               	movwf	main@contador
   229  061B  3000               	movlw	0
   230  061C  00A8               	movwf	main@contador+1
   231                           
   232                           ;Main.c: 91: int inicio = 0;
   233  061D  01A5               	clrf	main@inicio
   234  061E  01A6               	clrf	main@inicio+1
   235                           
   236                           ;Main.c: 92: int UNAVEZ = 0;
   237  061F  01A9               	clrf	main@UNAVEZ
   238  0620  01AA               	clrf	main@UNAVEZ+1
   239                           
   240                           ;Main.c: 96: TRISB0 = 1;
   241  0621  1683               	bsf	3,5	;RP0=1, select bank1
   242  0622  1303               	bcf	3,6	;RP1=0, select bank1
   243  0623  1406               	bsf	6,0	;volatile
   244                           
   245                           ;Main.c: 97: TRISB5 = 1;
   246  0624  1686               	bsf	6,5	;volatile
   247                           
   248                           ;Main.c: 100: TRISA2 = 0;
   249  0625  1105               	bcf	5,2	;volatile
   250                           
   251                           ;Main.c: 101: TRISA0 = 0;
   252  0626  1005               	bcf	5,0	;volatile
   253                           
   254                           ;Main.c: 102: TRISA1 = 0;
   255  0627  1085               	bcf	5,1	;volatile
   256                           
   257                           ;Main.c: 104: TRISA5 = 0;
   258  0628  1285               	bcf	5,5	;volatile
   259                           
   260                           ;Main.c: 105: TRISA3 = 0;
   261  0629  1185               	bcf	5,3	;volatile
   262                           
   263                           ;Main.c: 106: TRISC3 = 0;
   264  062A  1187               	bcf	7,3	;volatile
   265                           
   266                           ;Main.c: 108: TRISC2 = 0;
   267  062B  1107               	bcf	7,2	;volatile
   268                           
   269                           ;Main.c: 109: TRISC0 = 0;
   270  062C  1007               	bcf	7,0	;volatile
   271                           
   272                           ;Main.c: 110: TRISC1 = 0;
   273  062D  1087               	bcf	7,1	;volatile
   274                           
   275                           ;Main.c: 112: TRISB1 = 0;
   276  062E  1086               	bcf	6,1	;volatile
   277                           
   278                           ;Main.c: 113: TRISB2 = 0;
   279  062F  1106               	bcf	6,2	;volatile
   280                           
   281                           ;Main.c: 114: TRISB4 = 0;
   282  0630  1206               	bcf	6,4	;volatile
   283                           
   284                           ;Main.c: 124: prueba();
   285  0631  118A  260C  118A   	fcall	_prueba
   286                           
   287                           ;Main.c: 151: }
   288                           ;Main.c: 152: switch (contador) {
   289  0634  2F48               	goto	l892
   290  0635                     l914:	
   291                           ;Main.c: 154: case 0:
   292                           
   293                           
   294                           ;Main.c: 155: Apagar();
   295  0635  118A  2606  118A   	fcall	_Apagar
   296                           
   297                           ;Main.c: 156: PORTA = 0b100011;
   298  0638  3023               	movlw	35
   299  0639  1283               	bcf	3,5	;RP0=0, select bank0
   300  063A  1303               	bcf	3,6	;RP1=0, select bank0
   301  063B  0085               	movwf	5	;volatile
   302                           
   303                           ;Main.c: 160: RC0=1;
   304  063C  1407               	bsf	7,0	;volatile
   305                           
   306                           ;Main.c: 161: RB1=1;
   307  063D  1486               	bsf	6,1	;volatile
   308                           
   309                           ;Main.c: 162: if (UNAVEZ == 1) {
   310  063E  0329               	decf	main@UNAVEZ,w
   311  063F  042A               	iorwf	main@UNAVEZ+1,w
   312  0640  1D03               	btfss	3,2
   313  0641  2F31               	goto	l1048
   314                           
   315                           ;Main.c: 163: PORTA=0b100111;
   316  0642  3027               	movlw	39
   317  0643  0085               	movwf	5	;volatile
   318                           
   319                           ;Main.c: 164: _delay((unsigned long)((80)*(4000000/4000.0)));
   320  0644  3068               	movlw	104
   321  0645  00A1               	movwf	??_main+1
   322  0646  30E4               	movlw	228
   323  0647  00A0               	movwf	??_main
   324  0648                     u227:	
   325  0648  0BA0               	decfsz	??_main,f
   326  0649  2E48               	goto	u227
   327  064A  0BA1               	decfsz	??_main+1,f
   328  064B  2E48               	goto	u227
   329  064C  0000               	nop
   330                           
   331                           ;Main.c: 165: PORTA=0b100000;;
   332  064D  3020               	movlw	32
   333  064E  1283               	bcf	3,5	;RP0=0, select bank0
   334  064F  1303               	bcf	3,6	;RP1=0, select bank0
   335  0650  0085               	movwf	5	;volatile
   336                           
   337                           ;Main.c: 166: _delay((unsigned long)((80)*(4000000/4000.0)));
   338  0651  3068               	movlw	104
   339  0652  00A1               	movwf	??_main+1
   340  0653  30E4               	movlw	228
   341  0654  00A0               	movwf	??_main
   342  0655                     u237:	
   343  0655  0BA0               	decfsz	??_main,f
   344  0656  2E55               	goto	u237
   345  0657  0BA1               	decfsz	??_main+1,f
   346  0658  2E55               	goto	u237
   347  0659  0000               	nop
   348                           
   349                           ;Main.c: 167: PORTA=0b100111;
   350  065A  3027               	movlw	39
   351  065B  1283               	bcf	3,5	;RP0=0, select bank0
   352  065C  1303               	bcf	3,6	;RP1=0, select bank0
   353  065D  0085               	movwf	5	;volatile
   354                           
   355                           ;Main.c: 168: _delay((unsigned long)((80)*(4000000/4000.0)));
   356  065E  3068               	movlw	104
   357  065F  00A1               	movwf	??_main+1
   358  0660  30E4               	movlw	228
   359  0661  00A0               	movwf	??_main
   360  0662                     u247:	
   361  0662  0BA0               	decfsz	??_main,f
   362  0663  2E62               	goto	u247
   363  0664  0BA1               	decfsz	??_main+1,f
   364  0665  2E62               	goto	u247
   365  0666  0000               	nop
   366  0667  2F31               	goto	l1048
   367  0668                     l928:	
   368                           ;Main.c: 173: case 1:
   369                           
   370                           ;Main.c: 171: break;
   371                           
   372                           ;Main.c: 169: }
   373                           ;Main.c: 170: UNAVEZ = 0;
   374                           
   375                           
   376                           ;Main.c: 174: Apagar();
   377  0668  118A  2606  118A   	fcall	_Apagar
   378                           
   379                           ;Main.c: 175: PORTA = 0b110011;
   380  066B  3033               	movlw	51
   381  066C  1283               	bcf	3,5	;RP0=0, select bank0
   382  066D  1303               	bcf	3,6	;RP1=0, select bank0
   383  066E  0085               	movwf	5	;volatile
   384                           
   385                           ;Main.c: 176: RC3=1;
   386  066F  1587               	bsf	7,3	;volatile
   387                           
   388                           ;Main.c: 180: RC2=1;
   389  0670  1507               	bsf	7,2	;volatile
   390                           
   391                           ;Main.c: 181: RB1=1;
   392  0671  1486               	bsf	6,1	;volatile
   393                           
   394                           ;Main.c: 182: break;
   395  0672  2F48               	goto	l892
   396  0673                     l938:	
   397                           ;Main.c: 184: case 2:
   398                           
   399                           
   400                           ;Main.c: 185: Apagar();
   401  0673  118A  2606  118A   	fcall	_Apagar
   402                           
   403                           ;Main.c: 186: PORTA = 0b100001;
   404  0676  3021               	movlw	33
   405  0677  1283               	bcf	3,5	;RP0=0, select bank0
   406  0678  1303               	bcf	3,6	;RP1=0, select bank0
   407  0679  0085               	movwf	5	;volatile
   408                           
   409                           ;Main.c: 187: RC3=1;
   410  067A  1587               	bsf	7,3	;volatile
   411                           
   412                           ;Main.c: 190: RC2=1;
   413  067B  1507               	bsf	7,2	;volatile
   414  067C  2EC0               	goto	l984
   415  067D                     l948:	
   416                           ;Main.c: 194: case 3:
   417                           
   418                           ;Main.c: 192: break;
   419                           
   420                           ;Main.c: 191: RB4=1;
   421                           
   422                           
   423                           ;Main.c: 195: Apagar();
   424  067D  118A  2606  118A   	fcall	_Apagar
   425                           
   426                           ;Main.c: 196: PORTA = 0b001001;
   427  0680  3009               	movlw	9
   428  0681  1283               	bcf	3,5	;RP0=0, select bank0
   429  0682  1303               	bcf	3,6	;RP1=0, select bank0
   430  0683  0085               	movwf	5	;volatile
   431                           
   432                           ;Main.c: 197: RC3=1;
   433  0684  1587               	bsf	7,3	;volatile
   434                           
   435                           ;Main.c: 200: RC1=1 ; RC2=1;
   436  0685  1487               	bsf	7,1	;volatile
   437  0686  1507               	bsf	7,2	;volatile
   438                           
   439                           ;Main.c: 201: RB4=1;
   440  0687  1606               	bsf	6,4	;volatile
   441                           
   442                           ;Main.c: 202: if (UNAVEZ == 1) {
   443  0688  0329               	decf	main@UNAVEZ,w
   444  0689  042A               	iorwf	main@UNAVEZ+1,w
   445  068A  1D03               	btfss	3,2
   446  068B  2F31               	goto	l1048
   447                           
   448                           ;Main.c: 203: PORTA=0b101001;
   449  068C  3029               	movlw	41
   450  068D  0085               	movwf	5	;volatile
   451                           
   452                           ;Main.c: 204: RC3=1;
   453  068E  1587               	bsf	7,3	;volatile
   454                           
   455                           ;Main.c: 205: _delay((unsigned long)((80)*(4000000/4000.0)));
   456  068F  3068               	movlw	104
   457  0690  00A1               	movwf	??_main+1
   458  0691  30E4               	movlw	228
   459  0692  00A0               	movwf	??_main
   460  0693                     u257:	
   461  0693  0BA0               	decfsz	??_main,f
   462  0694  2E93               	goto	u257
   463  0695  0BA1               	decfsz	??_main+1,f
   464  0696  2E93               	goto	u257
   465  0697  0000               	nop
   466                           
   467                           ;Main.c: 206: PORTA=0b000001;
   468  0698  3001               	movlw	1
   469  0699  1283               	bcf	3,5	;RP0=0, select bank0
   470  069A  1303               	bcf	3,6	;RP1=0, select bank0
   471  069B  0085               	movwf	5	;volatile
   472                           
   473                           ;Main.c: 207: RC3=0;
   474  069C  1187               	bcf	7,3	;volatile
   475                           
   476                           ;Main.c: 208: _delay((unsigned long)((80)*(4000000/4000.0)));
   477  069D  3068               	movlw	104
   478  069E  00A1               	movwf	??_main+1
   479  069F  30E4               	movlw	228
   480  06A0  00A0               	movwf	??_main
   481  06A1                     u267:	
   482  06A1  0BA0               	decfsz	??_main,f
   483  06A2  2EA1               	goto	u267
   484  06A3  0BA1               	decfsz	??_main+1,f
   485  06A4  2EA1               	goto	u267
   486  06A5  0000               	nop
   487                           
   488                           ;Main.c: 209: PORTA=0b101001;
   489  06A6  3029               	movlw	41
   490  06A7  1283               	bcf	3,5	;RP0=0, select bank0
   491  06A8  1303               	bcf	3,6	;RP1=0, select bank0
   492  06A9  0085               	movwf	5	;volatile
   493                           
   494                           ;Main.c: 210: RC3=1;
   495  06AA  1587               	bsf	7,3	;volatile
   496                           
   497                           ;Main.c: 211: _delay((unsigned long)((80)*(4000000/4000.0)));
   498  06AB  3068               	movlw	104
   499  06AC  00A1               	movwf	??_main+1
   500  06AD  30E4               	movlw	228
   501  06AE  00A0               	movwf	??_main
   502  06AF                     u277:	
   503  06AF  0BA0               	decfsz	??_main,f
   504  06B0  2EAF               	goto	u277
   505  06B1  0BA1               	decfsz	??_main+1,f
   506  06B2  2EAF               	goto	u277
   507  06B3  0000               	nop
   508  06B4  2F31               	goto	l1048
   509  06B5                     l972:	
   510                           ;Main.c: 216: case 4:
   511                           
   512                           ;Main.c: 214: break;
   513                           
   514                           ;Main.c: 212: }
   515                           ;Main.c: 213: UNAVEZ = 0;
   516                           
   517                           
   518                           ;Main.c: 217: Apagar();
   519  06B5  118A  2606  118A   	fcall	_Apagar
   520                           
   521                           ;Main.c: 218: PORTA = 0b001100;
   522  06B8  300C               	movlw	12
   523  06B9  1283               	bcf	3,5	;RP0=0, select bank0
   524  06BA  1303               	bcf	3,6	;RP1=0, select bank0
   525  06BB  0085               	movwf	5	;volatile
   526                           
   527                           ;Main.c: 219: RC3=1;
   528  06BC  1587               	bsf	7,3	;volatile
   529                           
   530                           ;Main.c: 224: RC1=1 ; RC2=1;
   531  06BD  1487               	bsf	7,1	;volatile
   532  06BE  1507               	bsf	7,2	;volatile
   533                           
   534                           ;Main.c: 225: RB2=1 ; RB4=1;
   535  06BF  1506               	bsf	6,2	;volatile
   536  06C0                     l984:	
   537  06C0  1606               	bsf	6,4	;volatile
   538                           
   539                           ;Main.c: 226: break;
   540  06C1  2F48               	goto	l892
   541  06C2                     l986:	
   542                           ;Main.c: 228: case 5:
   543                           
   544                           
   545                           ;Main.c: 229: Apagar();
   546  06C2  118A  2606  118A   	fcall	_Apagar
   547                           
   548                           ;Main.c: 230: PORTA = 0b001100;
   549  06C5  300C               	movlw	12
   550  06C6  1283               	bcf	3,5	;RP0=0, select bank0
   551  06C7  1303               	bcf	3,6	;RP1=0, select bank0
   552  06C8  0085               	movwf	5	;volatile
   553                           
   554                           ;Main.c: 233: RC1=1 ; RC0=1;
   555  06C9  1487               	bsf	7,1	;volatile
   556  06CA  1407               	bsf	7,0	;volatile
   557                           
   558                           ;Main.c: 234: RB2=1 ; RB4=1;
   559  06CB  1506               	bsf	6,2	;volatile
   560  06CC  1606               	bsf	6,4	;volatile
   561                           
   562                           ;Main.c: 235: if (UNAVEZ == 1) {
   563  06CD  0329               	decf	main@UNAVEZ,w
   564  06CE  042A               	iorwf	main@UNAVEZ+1,w
   565  06CF  1D03               	btfss	3,2
   566  06D0  2F31               	goto	l1048
   567                           
   568                           ;Main.c: 236: RC0=1 ; RC1=1 ; RC2=1;
   569  06D1  1407               	bsf	7,0	;volatile
   570  06D2  1487               	bsf	7,1	;volatile
   571  06D3  1507               	bsf	7,2	;volatile
   572                           
   573                           ;Main.c: 237: _delay((unsigned long)((80)*(4000000/4000.0)));
   574  06D4  3068               	movlw	104
   575  06D5  00A1               	movwf	??_main+1
   576  06D6  30E4               	movlw	228
   577  06D7  00A0               	movwf	??_main
   578  06D8                     u287:	
   579  06D8  0BA0               	decfsz	??_main,f
   580  06D9  2ED8               	goto	u287
   581  06DA  0BA1               	decfsz	??_main+1,f
   582  06DB  2ED8               	goto	u287
   583  06DC  0000               	nop
   584                           
   585                           ;Main.c: 238: RC0=0;RC1=0;RC2=0;
   586  06DD  1283               	bcf	3,5	;RP0=0, select bank0
   587  06DE  1303               	bcf	3,6	;RP1=0, select bank0
   588  06DF  1007               	bcf	7,0	;volatile
   589  06E0  1087               	bcf	7,1	;volatile
   590  06E1  1107               	bcf	7,2	;volatile
   591                           
   592                           ;Main.c: 239: _delay((unsigned long)((80)*(4000000/4000.0)));
   593  06E2  3068               	movlw	104
   594  06E3  00A1               	movwf	??_main+1
   595  06E4  30E4               	movlw	228
   596  06E5  00A0               	movwf	??_main
   597  06E6                     u297:	
   598  06E6  0BA0               	decfsz	??_main,f
   599  06E7  2EE6               	goto	u297
   600  06E8  0BA1               	decfsz	??_main+1,f
   601  06E9  2EE6               	goto	u297
   602  06EA  0000               	nop
   603                           
   604                           ;Main.c: 240: RC0=1 ; RC1=1 ; RC2=1;
   605  06EB  1283               	bcf	3,5	;RP0=0, select bank0
   606  06EC  1303               	bcf	3,6	;RP1=0, select bank0
   607  06ED  1407               	bsf	7,0	;volatile
   608  06EE  1487               	bsf	7,1	;volatile
   609  06EF  1507               	bsf	7,2	;volatile
   610                           
   611                           ;Main.c: 241: _delay((unsigned long)((80)*(4000000/4000.0)));
   612  06F0  3068               	movlw	104
   613  06F1  00A1               	movwf	??_main+1
   614  06F2  30E4               	movlw	228
   615  06F3  00A0               	movwf	??_main
   616  06F4                     u307:	
   617  06F4  0BA0               	decfsz	??_main,f
   618  06F5  2EF4               	goto	u307
   619  06F6  0BA1               	decfsz	??_main+1,f
   620  06F7  2EF4               	goto	u307
   621  06F8  0000               	nop
   622  06F9  2F31               	goto	l1048
   623  06FA                     l1018:	
   624                           ;Main.c: 246: case 6:
   625                           
   626                           ;Main.c: 244: break;
   627                           
   628                           ;Main.c: 242: }
   629                           ;Main.c: 243: UNAVEZ = 0;
   630                           
   631                           
   632                           ;Main.c: 247: Apagar();
   633  06FA  118A  2606  118A   	fcall	_Apagar
   634                           
   635                           ;Main.c: 248: PORTA = 0b001110;
   636  06FD  300E               	movlw	14
   637  06FE  1283               	bcf	3,5	;RP0=0, select bank0
   638  06FF  1303               	bcf	3,6	;RP1=0, select bank0
   639  0700  0085               	movwf	5	;volatile
   640                           
   641                           ;Main.c: 251: RC1=1 ; RC0=1;
   642  0701  1487               	bsf	7,1	;volatile
   643  0702  1407               	bsf	7,0	;volatile
   644                           
   645                           ;Main.c: 252: RB1=1 ; RB2=1;
   646  0703  1486               	bsf	6,1	;volatile
   647  0704  1506               	bsf	6,2	;volatile
   648                           
   649                           ;Main.c: 253: if (UNAVEZ == 1) {
   650  0705  0329               	decf	main@UNAVEZ,w
   651  0706  042A               	iorwf	main@UNAVEZ+1,w
   652  0707  1D03               	btfss	3,2
   653  0708  2F31               	goto	l1048
   654                           
   655                           ;Main.c: 254: RB1=1 ; RB2=1 ; RB4=1;
   656  0709  1486               	bsf	6,1	;volatile
   657  070A  1506               	bsf	6,2	;volatile
   658  070B  1606               	bsf	6,4	;volatile
   659                           
   660                           ;Main.c: 255: _delay((unsigned long)((80)*(4000000/4000.0)));
   661  070C  3068               	movlw	104
   662  070D  00A1               	movwf	??_main+1
   663  070E  30E4               	movlw	228
   664  070F  00A0               	movwf	??_main
   665  0710                     u317:	
   666  0710  0BA0               	decfsz	??_main,f
   667  0711  2F10               	goto	u317
   668  0712  0BA1               	decfsz	??_main+1,f
   669  0713  2F10               	goto	u317
   670  0714  0000               	nop
   671                           
   672                           ;Main.c: 256: RB0=0;RB2=0;RB4=0;
   673  0715  1283               	bcf	3,5	;RP0=0, select bank0
   674  0716  1303               	bcf	3,6	;RP1=0, select bank0
   675  0717  1006               	bcf	6,0	;volatile
   676  0718  1106               	bcf	6,2	;volatile
   677  0719  1206               	bcf	6,4	;volatile
   678                           
   679                           ;Main.c: 257: _delay((unsigned long)((80)*(4000000/4000.0)));
   680  071A  3068               	movlw	104
   681  071B  00A1               	movwf	??_main+1
   682  071C  30E4               	movlw	228
   683  071D  00A0               	movwf	??_main
   684  071E                     u327:	
   685  071E  0BA0               	decfsz	??_main,f
   686  071F  2F1E               	goto	u327
   687  0720  0BA1               	decfsz	??_main+1,f
   688  0721  2F1E               	goto	u327
   689  0722  0000               	nop
   690                           
   691                           ;Main.c: 258: RB1=1 ; RB2=1 ; RB4=1;
   692  0723  1283               	bcf	3,5	;RP0=0, select bank0
   693  0724  1303               	bcf	3,6	;RP1=0, select bank0
   694  0725  1486               	bsf	6,1	;volatile
   695  0726  1506               	bsf	6,2	;volatile
   696  0727  1606               	bsf	6,4	;volatile
   697                           
   698                           ;Main.c: 259: _delay((unsigned long)((80)*(4000000/4000.0)));
   699  0728  3068               	movlw	104
   700  0729  00A1               	movwf	??_main+1
   701  072A  30E4               	movlw	228
   702  072B  00A0               	movwf	??_main
   703  072C                     u337:	
   704  072C  0BA0               	decfsz	??_main,f
   705  072D  2F2C               	goto	u337
   706  072E  0BA1               	decfsz	??_main+1,f
   707  072F  2F2C               	goto	u337
   708  0730  0000               	nop
   709  0731                     l1048:	
   710                           
   711                           ;Main.c: 260: }
   712                           ;Main.c: 261: UNAVEZ = 0;
   713  0731  1283               	bcf	3,5	;RP0=0, select bank0
   714  0732  1303               	bcf	3,6	;RP1=0, select bank0
   715  0733  01A9               	clrf	main@UNAVEZ
   716  0734  01AA               	clrf	main@UNAVEZ+1
   717                           
   718                           ;Main.c: 262: break;
   719  0735  2F48               	goto	l892
   720  0736                     l1050:	
   721                           ;Main.c: 264: case 7:
   722                           
   723                           
   724                           ;Main.c: 265: Apagar();
   725  0736  118A  2606  118A   	fcall	_Apagar
   726                           
   727                           ;Main.c: 266: PORTA = 0b100110;
   728  0739  3026               	movlw	38
   729  073A  1283               	bcf	3,5	;RP0=0, select bank0
   730  073B  1303               	bcf	3,6	;RP1=0, select bank0
   731  073C  0085               	movwf	5	;volatile
   732                           
   733                           ;Main.c: 269: RC0=1;
   734  073D  1407               	bsf	7,0	;volatile
   735                           
   736                           ;Main.c: 270: RB1=1 ; RB2=1;
   737  073E  1486               	bsf	6,1	;volatile
   738  073F  1506               	bsf	6,2	;volatile
   739                           
   740                           ;Main.c: 271: break;
   741  0740  2F48               	goto	l892
   742  0741                     l1060:	
   743                           ;Main.c: 273: case 8:
   744                           
   745                           
   746                           ;Main.c: 280: contador = 0;
   747  0741  01A7               	clrf	main@contador
   748  0742  01A8               	clrf	main@contador+1
   749                           
   750                           ;Main.c: 281: break;
   751  0743  2F48               	goto	l892
   752  0744                     l1062:	
   753                           ;Main.c: 282: default:
   754                           
   755                           
   756                           ;Main.c: 283: contador = 4;
   757  0744  3004               	movlw	4
   758  0745  00A7               	movwf	main@contador
   759  0746  3000               	movlw	0
   760  0747  00A8               	movwf	main@contador+1
   761  0748                     l892:	
   762                           ;Main.c: 128: do {
   763                           
   764                           ;Main.c: 126: while (1) {
   765                           
   766                           ;Main.c: 285: }
   767                           
   768                           ;Main.c: 284: break;
   769                           
   770                           
   771                           ;Main.c: 129: if (PORTBbits.RB0 == SI) {
   772  0748  3003               	movlw	low (main@SI-__stringbase)
   773  0749  0084               	movwf	4
   774  074A  118A  2014  118A   	fcall	stringdir
   775  074D  1283               	bcf	3,5	;RP0=0, select bank0
   776  074E  1303               	bcf	3,6	;RP1=0, select bank0
   777  074F  00A0               	movwf	??_main
   778  0750  118A  2014  118A   	fcall	stringdir
   779  0753  00A1               	movwf	??_main+1
   780  0754  0806               	movf	6,w	;volatile
   781  0755  3901               	andlw	1
   782  0756  00A2               	movwf	??_main+2
   783  0757  01A3               	clrf	??_main+3
   784  0758  0821               	movf	??_main+1,w
   785  0759  0623               	xorwf	??_main+3,w
   786  075A  1D03               	skipz
   787  075B  2F5E               	goto	u105
   788  075C  0820               	movf	??_main,w
   789  075D  0622               	xorwf	??_main+2,w
   790  075E                     u105:	
   791  075E  1D03               	skipz
   792  075F  2F77               	goto	l898
   793                           
   794                           ;Main.c: 131: inicio = SI;
   795  0760  3003               	movlw	low (main@SI-__stringbase)
   796  0761  0084               	movwf	4
   797  0762  118A  2014  118A   	fcall	stringdir
   798  0765  00A5               	movwf	main@inicio
   799  0766  118A  2014  118A   	fcall	stringdir
   800  0769  00A6               	movwf	main@inicio+1
   801                           
   802                           ;Main.c: 132: _delay((unsigned long)((500)*(4000000/4000.0)));
   803  076A  3003               	movlw	3
   804  076B  00A2               	movwf	??_main+2
   805  076C  308A               	movlw	138
   806  076D  00A1               	movwf	??_main+1
   807  076E  3056               	movlw	86
   808  076F  00A0               	movwf	??_main
   809  0770                     u197:	
   810  0770  0BA0               	decfsz	??_main,f
   811  0771  2F70               	goto	u197
   812  0772  0BA1               	decfsz	??_main+1,f
   813  0773  2F70               	goto	u197
   814  0774  0BA2               	decfsz	??_main+2,f
   815  0775  2F70               	goto	u197
   816  0776  2F77               	nop2
   817  0777                     l898:	
   818                           
   819                           ;Main.c: 133: }
   820                           ;Main.c: 134: } while (inicio == 0);
   821  0777  1283               	bcf	3,5	;RP0=0, select bank0
   822  0778  1303               	bcf	3,6	;RP1=0, select bank0
   823  0779  0825               	movf	main@inicio,w
   824  077A  0426               	iorwf	main@inicio+1,w
   825  077B  1903               	btfsc	3,2
   826  077C  2F48               	goto	l892
   827                           
   828                           ;Main.c: 136: if (PORTBbits.RB0 == SI) {
   829  077D  3003               	movlw	low (main@SI-__stringbase)
   830  077E  0084               	movwf	4
   831  077F  118A  2014  118A   	fcall	stringdir
   832  0782  00A0               	movwf	??_main
   833  0783  118A  2014  118A   	fcall	stringdir
   834  0786  00A1               	movwf	??_main+1
   835  0787  0806               	movf	6,w	;volatile
   836  0788  3901               	andlw	1
   837  0789  00A2               	movwf	??_main+2
   838  078A  01A3               	clrf	??_main+3
   839  078B  0821               	movf	??_main+1,w
   840  078C  0623               	xorwf	??_main+3,w
   841  078D  1D03               	skipz
   842  078E  2F91               	goto	u125
   843  078F  0820               	movf	??_main,w
   844  0790  0622               	xorwf	??_main+2,w
   845  0791                     u125:	
   846  0791  1D03               	skipz
   847  0792  2FA7               	goto	l906
   848                           
   849                           ;Main.c: 138: contador = 4;
   850  0793  3004               	movlw	4
   851  0794  00A7               	movwf	main@contador
   852  0795  3000               	movlw	0
   853  0796  00A8               	movwf	main@contador+1
   854                           
   855                           ;Main.c: 139: _delay((unsigned long)((500)*(4000000/4000.0)));
   856  0797  3003               	movlw	3
   857  0798  00A2               	movwf	??_main+2
   858  0799  308A               	movlw	138
   859  079A  00A1               	movwf	??_main+1
   860  079B  3056               	movlw	86
   861  079C  00A0               	movwf	??_main
   862  079D                     u207:	
   863  079D  0BA0               	decfsz	??_main,f
   864  079E  2F9D               	goto	u207
   865  079F  0BA1               	decfsz	??_main+1,f
   866  07A0  2F9D               	goto	u207
   867  07A1  0BA2               	decfsz	??_main+2,f
   868  07A2  2F9D               	goto	u207
   869  07A3  2FA4               	nop2
   870                           
   871                           ;Main.c: 140: Apagar();
   872  07A4  118A  2606  118A   	fcall	_Apagar
   873  07A7                     l906:	
   874                           
   875                           ;Main.c: 142: }
   876                           ;Main.c: 144: if (PORTBbits.RB5 == SI) {
   877  07A7  3003               	movlw	low (main@SI-__stringbase)
   878  07A8  0084               	movwf	4
   879  07A9  118A  2014  118A   	fcall	stringdir
   880  07AC  1283               	bcf	3,5	;RP0=0, select bank0
   881  07AD  1303               	bcf	3,6	;RP1=0, select bank0
   882  07AE  00A0               	movwf	??_main
   883  07AF  118A  2014  118A   	fcall	stringdir
   884  07B2  00A1               	movwf	??_main+1
   885  07B3  0E06               	swapf	6,w	;volatile
   886  07B4  00A2               	movwf	??_main+2
   887  07B5  0C22               	rrf	??_main+2,w
   888  07B6  3901               	andlw	1
   889  07B7  00A3               	movwf	??_main+3
   890  07B8  01A4               	clrf	??_main+4
   891  07B9  0821               	movf	??_main+1,w
   892  07BA  0624               	xorwf	??_main+4,w
   893  07BB  1D03               	skipz
   894  07BC  2FBF               	goto	u135
   895  07BD  0820               	movf	??_main,w
   896  07BE  0623               	xorwf	??_main+3,w
   897  07BF                     u135:	
   898  07BF  1D03               	skipz
   899  07C0  2FE9               	goto	l1066
   900                           
   901                           ;Main.c: 146: contador++;
   902  07C1  3001               	movlw	1
   903  07C2  07A7               	addwf	main@contador,f
   904  07C3  1803               	skipnc
   905  07C4  0AA8               	incf	main@contador+1,f
   906  07C5  3000               	movlw	0
   907  07C6  07A8               	addwf	main@contador+1,f
   908                           
   909                           ;Main.c: 147: UNAVEZ = 1;
   910  07C7  3001               	movlw	1
   911  07C8  00A9               	movwf	main@UNAVEZ
   912  07C9  3000               	movlw	0
   913  07CA  00AA               	movwf	main@UNAVEZ+1
   914                           
   915                           ;Main.c: 148: _delay((unsigned long)((500)*(4000000/4000.0)));
   916  07CB  3003               	movlw	3
   917  07CC  00A2               	movwf	??_main+2
   918  07CD  308A               	movlw	138
   919  07CE  00A1               	movwf	??_main+1
   920  07CF  3056               	movlw	86
   921  07D0  00A0               	movwf	??_main
   922  07D1                     u217:	
   923  07D1  0BA0               	decfsz	??_main,f
   924  07D2  2FD1               	goto	u217
   925  07D3  0BA1               	decfsz	??_main+1,f
   926  07D4  2FD1               	goto	u217
   927  07D5  0BA2               	decfsz	??_main+2,f
   928  07D6  2FD1               	goto	u217
   929  07D7  2FD8               	nop2
   930                           
   931                           ;Main.c: 149: if(contador>=9)
   932  07D8  1283               	bcf	3,5	;RP0=0, select bank0
   933  07D9  1303               	bcf	3,6	;RP1=0, select bank0
   934  07DA  0828               	movf	main@contador+1,w
   935  07DB  3A80               	xorlw	128
   936  07DC  00FF               	movwf	127
   937  07DD  3080               	movlw	128
   938  07DE  027F               	subwf	127,w
   939  07DF  1D03               	skipz
   940  07E0  2FE3               	goto	u145
   941  07E1  3009               	movlw	9
   942  07E2  0227               	subwf	main@contador,w
   943  07E3                     u145:	
   944  07E3  1C03               	skipc
   945  07E4  2FE9               	goto	l1066
   946                           
   947                           ;Main.c: 150: contador=0;
   948  07E5  1283               	bcf	3,5	;RP0=0, select bank0
   949  07E6  1303               	bcf	3,6	;RP1=0, select bank0
   950  07E7  01A7               	clrf	main@contador
   951  07E8  01A8               	clrf	main@contador+1
   952  07E9                     l1066:	
   953                           
   954                           ; Switch on 2 bytes has been partitioned into a top level switch of size 1, and 1 sub-sw
      +                          itches
   955                           ; Switch size 1, requested type "space"
   956                           ; Number of cases is 1, Range of values is 0 to 0
   957                           ; switch strategies available:
   958                           ; Name         Instructions Cycles
   959                           ; simple_byte            4     3 (average)
   960                           ; direct_byte            9     7 (fixed)
   961                           ; jumptable            260     6 (fixed)
   962                           ;	Chosen strategy is simple_byte
   963  07E9  1283               	bcf	3,5	;RP0=0, select bank0
   964  07EA  1303               	bcf	3,6	;RP1=0, select bank0
   965  07EB  0828               	movf	main@contador+1,w
   966  07EC  3A00               	xorlw	0	; case 0
   967  07ED  1903               	skipnz
   968  07EE  2FF0               	goto	l1140
   969  07EF  2F44               	goto	l1062
   970  07F0                     l1140:	
   971                           
   972                           ; Switch size 1, requested type "space"
   973                           ; Number of cases is 9, Range of values is 0 to 8
   974                           ; switch strategies available:
   975                           ; Name         Instructions Cycles
   976                           ; direct_byte           25     7 (fixed)
   977                           ; simple_byte           28    15 (average)
   978                           ; jumptable            260     6 (fixed)
   979                           ;	Chosen strategy is direct_byte
   980  07F0  0827               	movf	main@contador,w
   981  07F1  0084               	movwf	4
   982  07F2  3009               	movlw	9
   983  07F3  0204               	subwf	4,w
   984  07F4  1803               	skipnc
   985  07F5  2F44               	goto	l1062
   986  07F6  3000               	movlw	high S1142
   987  07F7  008A               	movwf	10
   988  07F8  1003               	clrc
   989  07F9  0D04               	rlf	4,w
   990  07FA  3E02               	addlw	low S1142
   991  07FB  0082               	movwf	2
   992  07FC  2F48               	goto	l892
   993  07FD                     __end_of_main:	
   994                           ;Main.c: 287: }
   995                           ;Main.c: 291: return;
   996                           
   997                           
   998                           	psect	swtext1
   999  0002                     __pswtext1:	
  1000  0002                     S1142:	
  1001  0002  118A  2E35         	ljmp	l914
  1002  0004  118A  2E68         	ljmp	l928
  1003  0006  118A  2E73         	ljmp	l938
  1004  0008  118A  2E7D         	ljmp	l948
  1005  000A  118A  2EB5         	ljmp	l972
  1006  000C  118A  2EC2         	ljmp	l986
  1007  000E  118A  2EFA         	ljmp	l1018
  1008  0010  118A  2F36         	ljmp	l1050
  1009  0012  118A  2F41         	ljmp	l1060
  1010                           
  1011                           	psect	text1
  1012  060C                     __ptext1:	
  1013 ;; *************** function _prueba *****************
  1014 ;; Defined at:
  1015 ;;		line 301 in file "Main.c"
  1016 ;; Parameters:    Size  Location     Type
  1017 ;;		None
  1018 ;; Auto vars:     Size  Location     Type
  1019 ;;		None
  1020 ;; Return value:  Size  Location     Type
  1021 ;;                  1    wreg      void 
  1022 ;; Registers used:
  1023 ;;		wreg
  1024 ;; Tracked objects:
  1025 ;;		On entry : 0/0
  1026 ;;		On exit  : 0/0
  1027 ;;		Unchanged: 0/0
  1028 ;; Data sizes:     COMMON   BANK0   BANK1
  1029 ;;      Params:         0       0       0
  1030 ;;      Locals:         0       0       0
  1031 ;;      Temps:          0       0       0
  1032 ;;      Totals:         0       0       0
  1033 ;;Total ram usage:        0 bytes
  1034 ;; Hardware stack levels used:    1
  1035 ;; This function calls:
  1036 ;;		Nothing
  1037 ;; This function is called by:
  1038 ;;		_main
  1039 ;; This function uses a non-reentrant model
  1040 ;;
  1041                           
  1042                           
  1043                           ;psect for function _prueba
  1044  060C                     _prueba:	
  1045                           
  1046                           ;Main.c: 303: PORTA=47;
  1047                           
  1048                           ;incstack = 0
  1049                           ; Regs used in _prueba: [wreg]
  1050  060C  302F               	movlw	47
  1051  060D  1283               	bcf	3,5	;RP0=0, select bank0
  1052  060E  1303               	bcf	3,6	;RP1=0, select bank0
  1053  060F  0085               	movwf	5	;volatile
  1054                           
  1055                           ;Main.c: 304: PORTB=22;
  1056  0610  3016               	movlw	22
  1057  0611  0086               	movwf	6	;volatile
  1058                           
  1059                           ;Main.c: 305: PORTC=15;
  1060  0612  300F               	movlw	15
  1061  0613  0087               	movwf	7	;volatile
  1062  0614  0008               	return
  1063  0615                     __end_of_prueba:	
  1064                           
  1065                           	psect	text2
  1066  0606                     __ptext2:	
  1067 ;; *************** function _Apagar *****************
  1068 ;; Defined at:
  1069 ;;		line 294 in file "Main.c"
  1070 ;; Parameters:    Size  Location     Type
  1071 ;;		None
  1072 ;; Auto vars:     Size  Location     Type
  1073 ;;		None
  1074 ;; Return value:  Size  Location     Type
  1075 ;;                  1    wreg      void 
  1076 ;; Registers used:
  1077 ;;		status,2
  1078 ;; Tracked objects:
  1079 ;;		On entry : 0/0
  1080 ;;		On exit  : 0/0
  1081 ;;		Unchanged: 0/0
  1082 ;; Data sizes:     COMMON   BANK0   BANK1
  1083 ;;      Params:         0       0       0
  1084 ;;      Locals:         0       0       0
  1085 ;;      Temps:          0       0       0
  1086 ;;      Totals:         0       0       0
  1087 ;;Total ram usage:        0 bytes
  1088 ;; Hardware stack levels used:    1
  1089 ;; This function calls:
  1090 ;;		Nothing
  1091 ;; This function is called by:
  1092 ;;		_main
  1093 ;; This function uses a non-reentrant model
  1094 ;;
  1095                           
  1096                           
  1097                           ;psect for function _Apagar
  1098  0606                     _Apagar:	
  1099                           
  1100                           ;Main.c: 295: PORTA = 0;
  1101                           
  1102                           ;incstack = 0
  1103                           ; Regs used in _Apagar: [status,2]
  1104  0606  1283               	bcf	3,5	;RP0=0, select bank0
  1105  0607  1303               	bcf	3,6	;RP1=0, select bank0
  1106  0608  0185               	clrf	5	;volatile
  1107                           
  1108                           ;Main.c: 296: PORTB = 0;
  1109  0609  0186               	clrf	6	;volatile
  1110                           
  1111                           ;Main.c: 297: PORTC = 0;
  1112  060A  0187               	clrf	7	;volatile
  1113  060B  0008               	return
  1114  060C                     __end_of_Apagar:	
  1115  007E                     btemp	set	126	;btemp
  1116  007E                     wtemp	set	126
  1117  007E                     wtemp0	set	126
  1118  0080                     wtemp1	set	128
  1119  0082                     wtemp2	set	130
  1120  0084                     wtemp3	set	132
  1121  0086                     wtemp4	set	134
  1122  0088                     wtemp5	set	136
  1123  007F                     wtemp6	set	127
  1124  007E                     ttemp	set	126
  1125  007E                     ttemp0	set	126
  1126  0081                     ttemp1	set	129
  1127  0084                     ttemp2	set	132
  1128  0087                     ttemp3	set	135
  1129  007F                     ttemp4	set	127
  1130  007E                     ltemp	set	126
  1131  007E                     ltemp0	set	126
  1132  0082                     ltemp1	set	130
  1133  0086                     ltemp2	set	134
  1134  0080                     ltemp3	set	128


Data Sizes:
    Strings     0
    Constant    4
    Data        0
    BSS         0
    Persistent  0
    Stack       0

Auto Spaces:
    Space          Size  Autos    Used
    COMMON            0      0       0
    BANK0            94     11      11
    BANK1            94      0       0

Pointer List with Targets:

    None.

Critical Paths under _main in COMMON

    None.

Critical Paths under _main in BANK0

    None.

Critical Paths under _main in BANK1

    None.

Call Graph Tables:

 ---------------------------------------------------------------------------------
 (Depth) Function   	        Calls       Base Space   Used Autos Params    Refs
 ---------------------------------------------------------------------------------
 (0) _main                                                11    11      0     168
                                              0 BANK0     11    11      0
                             _Apagar
                             _prueba
 ---------------------------------------------------------------------------------
 (1) _prueba                                               0     0      0       0
 ---------------------------------------------------------------------------------
 (1) _Apagar                                               0     0      0       0
 ---------------------------------------------------------------------------------
 Estimated maximum stack depth 1
 ---------------------------------------------------------------------------------

 Call Graph Graphs:

 _main (ROOT)
   _Apagar
   _prueba

 Address spaces:
Name               Size   Autos  Total    Cost      Usage
BITCOMMON            0      0       0       0        0.0%
EEDATA              80      0       0       0        0.0%
NULL                 0      0       0       0        0.0%
CODE                 0      0       0       0        0.0%
BITSFR0              0      0       0       1        0.0%
SFR0                 0      0       0       1        0.0%
COMMON               0      0       0       1        0.0%
BITSFR1              0      0       0       2        0.0%
SFR1                 0      0       0       2        0.0%
STACK                0      0       0       2        0.0%
BITBANK0            5E      0       0       3        0.0%
BANK0               5E      B       B       4       11.7%
BITSFR3              0      0       0       4        0.0%
SFR3                 0      0       0       4        0.0%
BITBANK1            5E      0       0       5        0.0%
BITSFR2              0      0       0       5        0.0%
SFR2                 0      0       0       5        0.0%
BANK1               5E      0       0       6        0.0%
ABS                  0      0       0       7        0.0%
DATA                 0      0       0       8        0.0%


Microchip Technology PIC Macro Assembler V1.38 build -256452561 
Symbol Table                                                                                   Fri Sep 16 12:44:03 2016

                      pc 0002              __CFG_CP$OFF 0000                       fsr 0004  
            __CFG_LVP$ON 0000                      l914 0635                      l906 07A7  
                    l928 0668                      l938 0673                      l972 06B5  
                    l948 067D                      l892 0748                      l984 06C0  
                    l986 06C2                      l898 0777                      _GIE 005F  
                    _RB0 0030                      _RB1 0031                      _RC0 0038  
                    _RB2 0032                      _RC1 0039                      _RC2 003A  
                    _RB4 0034                      _RC3 003B                      u105 075E  
                    u125 0791                      u135 07BF                      u207 079D  
                    u145 07E3                      u217 07D1                      u307 06F4  
                    u227 0648                      u317 0710                      u237 0655  
                    u327 071E                      u247 0662                      u337 072C  
                    u257 0693             __CFG_CPD$OFF 0000                      u267 06A1  
                    u277 06AF                      u197 0770                      u287 06D8  
                    u297 06E6                      fsr0 0004             __CFG_FOSC$XT 0000  
                   S1142 0002                     l1050 0736                     l1018 06FA  
                   l1140 07F0                     l1060 0741                     l1062 0744  
                   l1048 0731                     l1066 07E9                     _PEIE 005E  
           __CFG_WRT$OFF 0000                     _main 0615                     btemp 007E  
                   ltemp 007E                     start 0000                     ttemp 007E  
                   wtemp 007E             main@contador 0027                    ?_main 0020  
          __CFG_WDTE$OFF 0000                    _PORTA 0005                    _PORTB 0006  
                  _PORTC 0007           __CFG_BOREN$OFF 0000                    pclath 000A  
                  ltemp0 007E                    ltemp1 0082                    ltemp2 0086  
                  ltemp3 0080                    ttemp0 007E                    ttemp1 0081  
                  ttemp2 0084                    ttemp3 0087                    ttemp4 007F  
                  status 0003                    wtemp0 007E                    wtemp1 0080  
                  wtemp2 0082                    wtemp3 0084                    wtemp4 0086  
                  wtemp5 0088                    wtemp6 007F          __initialization 07FD  
           __end_of_main 07FD                   ??_main 0020                   _TRISA0 0428  
                 _TRISA1 0429                   _TRISB0 0430                   _TRISA2 042A  
                 _TRISB1 0431                   _TRISA3 042B                   _TRISC0 0438  
                 _TRISB2 0432                   _TRISC1 0439                   _TRISA5 042D  
                 _TRISC2 043A                   _TRISB4 0434                   _TRISC3 043B  
                 _TRISB5 0435                   _Apagar 0606           __CFG_PWRTE$OFF 0000  
                 _prueba 060C                   main@NO 001A                   main@SI 001C  
__end_of__initialization 07FD           __pcstackCOMMON 0000                  ?_Apagar 0020  
             __pmaintext 0615                  ?_prueba 0020               __stringtab 0014  
        __size_of_Apagar 0006                  __ptext1 060C                  __ptext2 0606  
        __size_of_prueba 0009     end_of_initialization 07FD                _PORTBbits 0006  
             main@UNAVEZ 0029               main@inicio 0025           __end_of_Apagar 060C  
         __end_of_prueba 0615           __end_ofmain@NO 001C           __end_ofmain@SI 001E  
    start_initialization 07FD                 ??_Apagar 0000                 ??_prueba 0000  
              ___latbits 0001            __pcstackBANK0 0020                __pstrings 0014  
              __pswtext1 0002              __stringbase 0019       __end_of__stringtab 001A  
          __size_of_main 01E8                stringcode 0014                 stringdir 0014  
               stringtab 0014  
